2025-01-31 09:43:09 INFO  pl.tmobile.recruitment.steps.Hooks - 🔄 Rozpoczęto test.
2025-01-31 09:43:09 INFO  pl.tmobile.recruitment.steps.Hooks - ✅ Test zakończony.
2025-01-31 09:44:17 INFO  pl.tmobile.recruitment.steps.Hooks - 🔄 Rozpoczęto test.
2025-01-31 09:44:17 INFO  pl.tmobile.recruitment.steps.Hooks - ✅ Test zakończony.
2025-01-31 09:45:03 INFO  pl.tmobile.recruitment.steps.Hooks - 🔄 Rozpoczęto test.
2025-01-31 09:45:03 INFO  pl.tmobile.recruitment.steps.Hooks - ✅ Test zakończony.
2025-01-31 09:57:00 INFO  pl.tmobile.recruitment.steps.Hooks - 🔄 Rozpoczęto test.
2025-01-31 09:57:00 INFO  pl.tmobile.recruitment.steps.Hooks - ✅ Test zakończony.
2025-01-31 22:13:19 INFO  [36mpl.tmobile.recruitment.api.NBPClient[m - Kod odpowiedzi: 200
2025-01-31 22:13:19 INFO  [36mpl.tmobile.recruitment.steps.StepDefinitions[m - Kurs dla waluty o kodzie USD: 4.0576
2025-01-31 22:13:19 INFO  [36mpl.tmobile.recruitment.steps.StepDefinitions[m - Kurs dla waluty dolar amerykański (USD) wynosi: 4.0576
2025-01-31 22:13:19 INFO  [36mpl.tmobile.recruitment.steps.StepDefinitions[m - Waluty o kursie powyżej 5.0:
2025-01-31 22:13:19 INFO  [36mpl.tmobile.recruitment.steps.StepDefinitions[m - GBP (funt szterling) - 5.0404
2025-01-31 22:13:19 INFO  [36mpl.tmobile.recruitment.steps.StepDefinitions[m - XDR (SDR (MFW)) - 5.2864
2025-01-31 22:13:19 INFO  [36mpl.tmobile.recruitment.steps.StepDefinitions[m - Waluty o kursie poniżej 3.0:
2025-01-31 22:13:19 INFO  [36mpl.tmobile.recruitment.steps.StepDefinitions[m - THB (bat (Tajlandia)) - 0.1205
2025-01-31 22:13:19 INFO  [36mpl.tmobile.recruitment.steps.StepDefinitions[m - AUD (dolar australijski) - 2.5251
2025-01-31 22:13:19 INFO  [36mpl.tmobile.recruitment.steps.StepDefinitions[m - HKD (dolar Hongkongu) - 0.5207
2025-01-31 22:13:19 INFO  [36mpl.tmobile.recruitment.steps.StepDefinitions[m - CAD (dolar kanadyjski) - 2.8022
2025-01-31 22:13:19 INFO  [36mpl.tmobile.recruitment.steps.StepDefinitions[m - NZD (dolar nowozelandzki) - 2.2932
2025-01-31 22:13:19 INFO  [36mpl.tmobile.recruitment.steps.StepDefinitions[m - SGD (dolar singapurski) - 2.9924
2025-01-31 22:13:19 INFO  [36mpl.tmobile.recruitment.steps.StepDefinitions[m - HUF (forint (Węgry)) - 0.010329
2025-01-31 22:13:19 INFO  [36mpl.tmobile.recruitment.steps.StepDefinitions[m - UAH (hrywna (Ukraina)) - 0.0973
2025-01-31 22:13:19 INFO  [36mpl.tmobile.recruitment.steps.StepDefinitions[m - JPY (jen (Japonia)) - 0.026224
2025-01-31 22:13:19 INFO  [36mpl.tmobile.recruitment.steps.StepDefinitions[m - CZK (korona czeska) - 0.1676
2025-01-31 22:13:19 INFO  [36mpl.tmobile.recruitment.steps.StepDefinitions[m - DKK (korona duńska) - 0.5646
2025-01-31 22:13:19 INFO  [36mpl.tmobile.recruitment.steps.StepDefinitions[m - ISK (korona islandzka) - 0.028836
2025-01-31 22:13:19 INFO  [36mpl.tmobile.recruitment.steps.StepDefinitions[m - NOK (korona norweska) - 0.3582
2025-01-31 22:13:19 INFO  [36mpl.tmobile.recruitment.steps.StepDefinitions[m - SEK (korona szwedzka) - 0.3672
2025-01-31 22:13:19 INFO  [36mpl.tmobile.recruitment.steps.StepDefinitions[m - RON (lej rumuński) - 0.8466
2025-01-31 22:13:19 INFO  [36mpl.tmobile.recruitment.steps.StepDefinitions[m - BGN (lew (Bułgaria)) - 2.1541
2025-01-31 22:13:19 INFO  [36mpl.tmobile.recruitment.steps.StepDefinitions[m - TRY (lira turecka) - 0.1131
2025-01-31 22:13:19 INFO  [36mpl.tmobile.recruitment.steps.StepDefinitions[m - ILS (nowy izraelski szekel) - 1.1355
2025-01-31 22:13:19 INFO  [36mpl.tmobile.recruitment.steps.StepDefinitions[m - CLP (peso chilijskie) - 0.004124
2025-01-31 22:13:19 INFO  [36mpl.tmobile.recruitment.steps.StepDefinitions[m - PHP (peso filipińskie) - 0.0694
2025-01-31 22:13:19 INFO  [36mpl.tmobile.recruitment.steps.StepDefinitions[m - MXN (peso meksykańskie) - 0.1962
2025-01-31 22:13:19 INFO  [36mpl.tmobile.recruitment.steps.StepDefinitions[m - ZAR (rand (Republika Południowej Afryki)) - 0.2179
2025-01-31 22:13:19 INFO  [36mpl.tmobile.recruitment.steps.StepDefinitions[m - BRL (real (Brazylia)) - 0.6906
2025-01-31 22:13:19 INFO  [36mpl.tmobile.recruitment.steps.StepDefinitions[m - MYR (ringgit (Malezja)) - 0.9102
2025-01-31 22:13:19 INFO  [36mpl.tmobile.recruitment.steps.StepDefinitions[m - IDR (rupia indonezyjska) - 2.4893E-4
2025-01-31 22:13:19 INFO  [36mpl.tmobile.recruitment.steps.StepDefinitions[m - INR (rupia indyjska) - 0.046844
2025-01-31 22:13:19 INFO  [36mpl.tmobile.recruitment.steps.StepDefinitions[m - KRW (won południowokoreański) - 0.002796
2025-01-31 22:13:19 INFO  [36mpl.tmobile.recruitment.steps.StepDefinitions[m - CNY (yuan renminbi (Chiny)) - 0.5539
2025-01-31 22:14:29 INFO  [36mpl.tmobile.recruitment.api.NBPClient[m - Kod odpowiedzi: 200
2025-01-31 22:14:29 INFO  [36mpl.tmobile.recruitment.steps.StepDefinitions[m - Kurs dla waluty o kodzie USD: 4.0576
2025-01-31 22:14:29 INFO  [36mpl.tmobile.recruitment.steps.StepDefinitions[m - Kurs dla waluty dolar amerykański (USD) wynosi: 4.0576
2025-01-31 22:14:29 INFO  [36mpl.tmobile.recruitment.steps.StepDefinitions[m - Waluty o kursie powyżej 5.0:
2025-01-31 22:14:29 INFO  [36mpl.tmobile.recruitment.steps.StepDefinitions[m - GBP (funt szterling) - 5.0404
2025-01-31 22:14:29 INFO  [36mpl.tmobile.recruitment.steps.StepDefinitions[m - XDR (SDR (MFW)) - 5.2864
2025-01-31 22:14:29 INFO  [36mpl.tmobile.recruitment.steps.StepDefinitions[m - Waluty o kursie poniżej 3.0:
2025-01-31 22:14:29 INFO  [36mpl.tmobile.recruitment.steps.StepDefinitions[m - THB (bat (Tajlandia)) - 0.1205
2025-01-31 22:14:29 INFO  [36mpl.tmobile.recruitment.steps.StepDefinitions[m - AUD (dolar australijski) - 2.5251
2025-01-31 22:14:29 INFO  [36mpl.tmobile.recruitment.steps.StepDefinitions[m - HKD (dolar Hongkongu) - 0.5207
2025-01-31 22:14:29 INFO  [36mpl.tmobile.recruitment.steps.StepDefinitions[m - CAD (dolar kanadyjski) - 2.8022
2025-01-31 22:14:29 INFO  [36mpl.tmobile.recruitment.steps.StepDefinitions[m - NZD (dolar nowozelandzki) - 2.2932
2025-01-31 22:14:29 INFO  [36mpl.tmobile.recruitment.steps.StepDefinitions[m - SGD (dolar singapurski) - 2.9924
2025-01-31 22:14:29 INFO  [36mpl.tmobile.recruitment.steps.StepDefinitions[m - HUF (forint (Węgry)) - 0.010329
2025-01-31 22:14:29 INFO  [36mpl.tmobile.recruitment.steps.StepDefinitions[m - UAH (hrywna (Ukraina)) - 0.0973
2025-01-31 22:14:29 INFO  [36mpl.tmobile.recruitment.steps.StepDefinitions[m - JPY (jen (Japonia)) - 0.026224
2025-01-31 22:14:29 INFO  [36mpl.tmobile.recruitment.steps.StepDefinitions[m - CZK (korona czeska) - 0.1676
2025-01-31 22:14:29 INFO  [36mpl.tmobile.recruitment.steps.StepDefinitions[m - DKK (korona duńska) - 0.5646
2025-01-31 22:14:29 INFO  [36mpl.tmobile.recruitment.steps.StepDefinitions[m - ISK (korona islandzka) - 0.028836
2025-01-31 22:14:29 INFO  [36mpl.tmobile.recruitment.steps.StepDefinitions[m - NOK (korona norweska) - 0.3582
2025-01-31 22:14:29 INFO  [36mpl.tmobile.recruitment.steps.StepDefinitions[m - SEK (korona szwedzka) - 0.3672
2025-01-31 22:14:29 INFO  [36mpl.tmobile.recruitment.steps.StepDefinitions[m - RON (lej rumuński) - 0.8466
2025-01-31 22:14:29 INFO  [36mpl.tmobile.recruitment.steps.StepDefinitions[m - BGN (lew (Bułgaria)) - 2.1541
2025-01-31 22:14:29 INFO  [36mpl.tmobile.recruitment.steps.StepDefinitions[m - TRY (lira turecka) - 0.1131
2025-01-31 22:14:29 INFO  [36mpl.tmobile.recruitment.steps.StepDefinitions[m - ILS (nowy izraelski szekel) - 1.1355
2025-01-31 22:14:29 INFO  [36mpl.tmobile.recruitment.steps.StepDefinitions[m - CLP (peso chilijskie) - 0.004124
2025-01-31 22:14:29 INFO  [36mpl.tmobile.recruitment.steps.StepDefinitions[m - PHP (peso filipińskie) - 0.0694
2025-01-31 22:14:29 INFO  [36mpl.tmobile.recruitment.steps.StepDefinitions[m - MXN (peso meksykańskie) - 0.1962
2025-01-31 22:14:29 INFO  [36mpl.tmobile.recruitment.steps.StepDefinitions[m - ZAR (rand (Republika Południowej Afryki)) - 0.2179
2025-01-31 22:14:29 INFO  [36mpl.tmobile.recruitment.steps.StepDefinitions[m - BRL (real (Brazylia)) - 0.6906
2025-01-31 22:14:29 INFO  [36mpl.tmobile.recruitment.steps.StepDefinitions[m - MYR (ringgit (Malezja)) - 0.9102
2025-01-31 22:14:29 INFO  [36mpl.tmobile.recruitment.steps.StepDefinitions[m - IDR (rupia indonezyjska) - 2.4893E-4
2025-01-31 22:14:29 INFO  [36mpl.tmobile.recruitment.steps.StepDefinitions[m - INR (rupia indyjska) - 0.046844
2025-01-31 22:14:29 INFO  [36mpl.tmobile.recruitment.steps.StepDefinitions[m - KRW (won południowokoreański) - 0.002796
2025-01-31 22:14:29 INFO  [36mpl.tmobile.recruitment.steps.StepDefinitions[m - CNY (yuan renminbi (Chiny)) - 0.5539
2025-01-31 22:15:11 INFO  [36mpl.tmobile.recruitment.api.NBPClient[m - Kod odpowiedzi: 200
2025-01-31 22:15:50 ERROR [36mpl.tmobile.recruitment.api.NBPClient[m - Kod odpowiedzi: 200
2025-01-31 22:15:50 INFO  [36mpl.tmobile.recruitment.steps.StepDefinitions[m - Kurs dla waluty o kodzie USD: 4.0576
2025-01-31 22:15:50 INFO  [36mpl.tmobile.recruitment.steps.StepDefinitions[m - Kurs dla waluty dolar amerykański (USD) wynosi: 4.0576
2025-01-31 22:15:50 INFO  [36mpl.tmobile.recruitment.steps.StepDefinitions[m - Waluty o kursie powyżej 5.0:
2025-01-31 22:15:50 INFO  [36mpl.tmobile.recruitment.steps.StepDefinitions[m - GBP (funt szterling) - 5.0404
2025-01-31 22:15:50 INFO  [36mpl.tmobile.recruitment.steps.StepDefinitions[m - XDR (SDR (MFW)) - 5.2864
2025-01-31 22:15:50 INFO  [36mpl.tmobile.recruitment.steps.StepDefinitions[m - Waluty o kursie poniżej 3.0:
2025-01-31 22:15:50 INFO  [36mpl.tmobile.recruitment.steps.StepDefinitions[m - THB (bat (Tajlandia)) - 0.1205
2025-01-31 22:15:50 INFO  [36mpl.tmobile.recruitment.steps.StepDefinitions[m - AUD (dolar australijski) - 2.5251
2025-01-31 22:15:50 INFO  [36mpl.tmobile.recruitment.steps.StepDefinitions[m - HKD (dolar Hongkongu) - 0.5207
2025-01-31 22:15:50 INFO  [36mpl.tmobile.recruitment.steps.StepDefinitions[m - CAD (dolar kanadyjski) - 2.8022
2025-01-31 22:15:50 INFO  [36mpl.tmobile.recruitment.steps.StepDefinitions[m - NZD (dolar nowozelandzki) - 2.2932
2025-01-31 22:15:50 INFO  [36mpl.tmobile.recruitment.steps.StepDefinitions[m - SGD (dolar singapurski) - 2.9924
2025-01-31 22:15:50 INFO  [36mpl.tmobile.recruitment.steps.StepDefinitions[m - HUF (forint (Węgry)) - 0.010329
2025-01-31 22:15:50 INFO  [36mpl.tmobile.recruitment.steps.StepDefinitions[m - UAH (hrywna (Ukraina)) - 0.0973
2025-01-31 22:15:50 INFO  [36mpl.tmobile.recruitment.steps.StepDefinitions[m - JPY (jen (Japonia)) - 0.026224
2025-01-31 22:15:50 INFO  [36mpl.tmobile.recruitment.steps.StepDefinitions[m - CZK (korona czeska) - 0.1676
2025-01-31 22:15:50 INFO  [36mpl.tmobile.recruitment.steps.StepDefinitions[m - DKK (korona duńska) - 0.5646
2025-01-31 22:15:50 INFO  [36mpl.tmobile.recruitment.steps.StepDefinitions[m - ISK (korona islandzka) - 0.028836
2025-01-31 22:15:50 INFO  [36mpl.tmobile.recruitment.steps.StepDefinitions[m - NOK (korona norweska) - 0.3582
2025-01-31 22:15:50 INFO  [36mpl.tmobile.recruitment.steps.StepDefinitions[m - SEK (korona szwedzka) - 0.3672
2025-01-31 22:15:50 INFO  [36mpl.tmobile.recruitment.steps.StepDefinitions[m - RON (lej rumuński) - 0.8466
2025-01-31 22:15:50 INFO  [36mpl.tmobile.recruitment.steps.StepDefinitions[m - BGN (lew (Bułgaria)) - 2.1541
2025-01-31 22:15:50 INFO  [36mpl.tmobile.recruitment.steps.StepDefinitions[m - TRY (lira turecka) - 0.1131
2025-01-31 22:15:50 INFO  [36mpl.tmobile.recruitment.steps.StepDefinitions[m - ILS (nowy izraelski szekel) - 1.1355
2025-01-31 22:15:50 INFO  [36mpl.tmobile.recruitment.steps.StepDefinitions[m - CLP (peso chilijskie) - 0.004124
2025-01-31 22:15:50 INFO  [36mpl.tmobile.recruitment.steps.StepDefinitions[m - PHP (peso filipińskie) - 0.0694
2025-01-31 22:15:50 INFO  [36mpl.tmobile.recruitment.steps.StepDefinitions[m - MXN (peso meksykańskie) - 0.1962
2025-01-31 22:15:50 INFO  [36mpl.tmobile.recruitment.steps.StepDefinitions[m - ZAR (rand (Republika Południowej Afryki)) - 0.2179
2025-01-31 22:15:50 INFO  [36mpl.tmobile.recruitment.steps.StepDefinitions[m - BRL (real (Brazylia)) - 0.6906
2025-01-31 22:15:50 INFO  [36mpl.tmobile.recruitment.steps.StepDefinitions[m - MYR (ringgit (Malezja)) - 0.9102
2025-01-31 22:15:50 INFO  [36mpl.tmobile.recruitment.steps.StepDefinitions[m - IDR (rupia indonezyjska) - 2.4893E-4
2025-01-31 22:15:50 INFO  [36mpl.tmobile.recruitment.steps.StepDefinitions[m - INR (rupia indyjska) - 0.046844
2025-01-31 22:15:50 INFO  [36mpl.tmobile.recruitment.steps.StepDefinitions[m - KRW (won południowokoreański) - 0.002796
2025-01-31 22:15:50 INFO  [36mpl.tmobile.recruitment.steps.StepDefinitions[m - CNY (yuan renminbi (Chiny)) - 0.5539
2025-01-31 22:17:59 INFO  [36mpl.tmobile.recruitment.steps.Hooks[m - 🔄 Rozpoczęto test.
2025-01-31 22:17:59 INFO  [36mpl.tmobile.recruitment.api.NBPClient[m - Kod odpowiedzi: 200
2025-01-31 22:18:07 INFO  [36mpl.tmobile.recruitment.steps.Hooks[m - 🔄 Rozpoczęto test.
2025-01-31 22:18:08 INFO  [36mpl.tmobile.recruitment.api.NBPClient[m - Kod odpowiedzi: 200
2025-01-31 22:18:08 INFO  [36mpl.tmobile.recruitment.steps.StepDefinitions[m - Kurs dla waluty o kodzie USD: 4.0576
2025-01-31 22:18:08 INFO  [36mpl.tmobile.recruitment.steps.StepDefinitions[m - Kurs dla waluty dolar amerykański (USD) wynosi: 4.0576
2025-01-31 22:18:08 INFO  [36mpl.tmobile.recruitment.steps.StepDefinitions[m - Waluty o kursie powyżej 5.0:
2025-01-31 22:18:08 INFO  [36mpl.tmobile.recruitment.steps.StepDefinitions[m - GBP (funt szterling) - 5.0404
2025-01-31 22:18:08 INFO  [36mpl.tmobile.recruitment.steps.StepDefinitions[m - XDR (SDR (MFW)) - 5.2864
2025-01-31 22:18:08 INFO  [36mpl.tmobile.recruitment.steps.StepDefinitions[m - Waluty o kursie poniżej 3.0:
2025-01-31 22:18:08 INFO  [36mpl.tmobile.recruitment.steps.StepDefinitions[m - THB (bat (Tajlandia)) - 0.1205
2025-01-31 22:18:08 INFO  [36mpl.tmobile.recruitment.steps.StepDefinitions[m - AUD (dolar australijski) - 2.5251
2025-01-31 22:18:08 INFO  [36mpl.tmobile.recruitment.steps.StepDefinitions[m - HKD (dolar Hongkongu) - 0.5207
2025-01-31 22:18:08 INFO  [36mpl.tmobile.recruitment.steps.StepDefinitions[m - CAD (dolar kanadyjski) - 2.8022
2025-01-31 22:18:08 INFO  [36mpl.tmobile.recruitment.steps.StepDefinitions[m - NZD (dolar nowozelandzki) - 2.2932
2025-01-31 22:18:08 INFO  [36mpl.tmobile.recruitment.steps.StepDefinitions[m - SGD (dolar singapurski) - 2.9924
2025-01-31 22:18:08 INFO  [36mpl.tmobile.recruitment.steps.StepDefinitions[m - HUF (forint (Węgry)) - 0.010329
2025-01-31 22:18:08 INFO  [36mpl.tmobile.recruitment.steps.StepDefinitions[m - UAH (hrywna (Ukraina)) - 0.0973
2025-01-31 22:18:08 INFO  [36mpl.tmobile.recruitment.steps.StepDefinitions[m - JPY (jen (Japonia)) - 0.026224
2025-01-31 22:18:08 INFO  [36mpl.tmobile.recruitment.steps.StepDefinitions[m - CZK (korona czeska) - 0.1676
2025-01-31 22:18:08 INFO  [36mpl.tmobile.recruitment.steps.StepDefinitions[m - DKK (korona duńska) - 0.5646
2025-01-31 22:18:08 INFO  [36mpl.tmobile.recruitment.steps.StepDefinitions[m - ISK (korona islandzka) - 0.028836
2025-01-31 22:18:08 INFO  [36mpl.tmobile.recruitment.steps.StepDefinitions[m - NOK (korona norweska) - 0.3582
2025-01-31 22:18:08 INFO  [36mpl.tmobile.recruitment.steps.StepDefinitions[m - SEK (korona szwedzka) - 0.3672
2025-01-31 22:18:08 INFO  [36mpl.tmobile.recruitment.steps.StepDefinitions[m - RON (lej rumuński) - 0.8466
2025-01-31 22:18:08 INFO  [36mpl.tmobile.recruitment.steps.StepDefinitions[m - BGN (lew (Bułgaria)) - 2.1541
2025-01-31 22:18:08 INFO  [36mpl.tmobile.recruitment.steps.StepDefinitions[m - TRY (lira turecka) - 0.1131
2025-01-31 22:18:08 INFO  [36mpl.tmobile.recruitment.steps.StepDefinitions[m - ILS (nowy izraelski szekel) - 1.1355
2025-01-31 22:18:08 INFO  [36mpl.tmobile.recruitment.steps.StepDefinitions[m - CLP (peso chilijskie) - 0.004124
2025-01-31 22:18:08 INFO  [36mpl.tmobile.recruitment.steps.StepDefinitions[m - PHP (peso filipińskie) - 0.0694
2025-01-31 22:18:08 INFO  [36mpl.tmobile.recruitment.steps.StepDefinitions[m - MXN (peso meksykańskie) - 0.1962
2025-01-31 22:18:08 INFO  [36mpl.tmobile.recruitment.steps.StepDefinitions[m - ZAR (rand (Republika Południowej Afryki)) - 0.2179
2025-01-31 22:18:08 INFO  [36mpl.tmobile.recruitment.steps.StepDefinitions[m - BRL (real (Brazylia)) - 0.6906
2025-01-31 22:18:08 INFO  [36mpl.tmobile.recruitment.steps.StepDefinitions[m - MYR (ringgit (Malezja)) - 0.9102
2025-01-31 22:18:08 INFO  [36mpl.tmobile.recruitment.steps.StepDefinitions[m - IDR (rupia indonezyjska) - 2.4893E-4
2025-01-31 22:18:08 INFO  [36mpl.tmobile.recruitment.steps.StepDefinitions[m - INR (rupia indyjska) - 0.046844
2025-01-31 22:18:08 INFO  [36mpl.tmobile.recruitment.steps.StepDefinitions[m - KRW (won południowokoreański) - 0.002796
2025-01-31 22:18:08 INFO  [36mpl.tmobile.recruitment.steps.StepDefinitions[m - CNY (yuan renminbi (Chiny)) - 0.5539
2025-01-31 22:18:08 INFO  [36mpl.tmobile.recruitment.steps.Hooks[m - ✅ Test zakończony.
2025-01-31 22:34:04 INFO  [36mpl.tmobile.recruitment.steps.Hooks[m - 🔄 Rozpoczęto test.
2025-01-31 22:34:04 INFO  [36mpl.tmobile.recruitment.api.NBPClient[m - Kod odpowiedzi: 200
2025-01-31 22:34:04 INFO  [36mpl.tmobile.recruitment.steps.StepDefinitions[m - Kurs dla waluty o kodzie USD: 4.0576
2025-01-31 22:34:04 INFO  [36mpl.tmobile.recruitment.steps.StepDefinitions[m - Kurs dla waluty dolar amerykański (USD) wynosi: 4.0576
2025-01-31 22:34:04 INFO  [36mpl.tmobile.recruitment.steps.StepDefinitions[m - Waluty o kursie powyżej 5.0:
2025-01-31 22:34:04 INFO  [36mpl.tmobile.recruitment.steps.StepDefinitions[m - GBP (funt szterling) - 5.0404
2025-01-31 22:34:04 INFO  [36mpl.tmobile.recruitment.steps.StepDefinitions[m - XDR (SDR (MFW)) - 5.2864
2025-01-31 22:34:04 INFO  [36mpl.tmobile.recruitment.steps.StepDefinitions[m - Waluty o kursie poniżej 3.0:
2025-01-31 22:34:04 INFO  [36mpl.tmobile.recruitment.steps.StepDefinitions[m - THB (bat (Tajlandia)) - 0.1205
2025-01-31 22:34:04 INFO  [36mpl.tmobile.recruitment.steps.StepDefinitions[m - AUD (dolar australijski) - 2.5251
2025-01-31 22:34:04 INFO  [36mpl.tmobile.recruitment.steps.StepDefinitions[m - HKD (dolar Hongkongu) - 0.5207
2025-01-31 22:34:04 INFO  [36mpl.tmobile.recruitment.steps.StepDefinitions[m - CAD (dolar kanadyjski) - 2.8022
2025-01-31 22:34:04 INFO  [36mpl.tmobile.recruitment.steps.StepDefinitions[m - NZD (dolar nowozelandzki) - 2.2932
2025-01-31 22:34:04 INFO  [36mpl.tmobile.recruitment.steps.StepDefinitions[m - SGD (dolar singapurski) - 2.9924
2025-01-31 22:34:04 INFO  [36mpl.tmobile.recruitment.steps.StepDefinitions[m - HUF (forint (Węgry)) - 0.010329
2025-01-31 22:34:04 INFO  [36mpl.tmobile.recruitment.steps.StepDefinitions[m - UAH (hrywna (Ukraina)) - 0.0973
2025-01-31 22:34:04 INFO  [36mpl.tmobile.recruitment.steps.StepDefinitions[m - JPY (jen (Japonia)) - 0.026224
2025-01-31 22:34:04 INFO  [36mpl.tmobile.recruitment.steps.StepDefinitions[m - CZK (korona czeska) - 0.1676
2025-01-31 22:34:04 INFO  [36mpl.tmobile.recruitment.steps.StepDefinitions[m - DKK (korona duńska) - 0.5646
2025-01-31 22:34:04 INFO  [36mpl.tmobile.recruitment.steps.StepDefinitions[m - ISK (korona islandzka) - 0.028836
2025-01-31 22:34:04 INFO  [36mpl.tmobile.recruitment.steps.StepDefinitions[m - NOK (korona norweska) - 0.3582
2025-01-31 22:34:04 INFO  [36mpl.tmobile.recruitment.steps.StepDefinitions[m - SEK (korona szwedzka) - 0.3672
2025-01-31 22:34:04 INFO  [36mpl.tmobile.recruitment.steps.StepDefinitions[m - RON (lej rumuński) - 0.8466
2025-01-31 22:34:04 INFO  [36mpl.tmobile.recruitment.steps.StepDefinitions[m - BGN (lew (Bułgaria)) - 2.1541
2025-01-31 22:34:04 INFO  [36mpl.tmobile.recruitment.steps.StepDefinitions[m - TRY (lira turecka) - 0.1131
2025-01-31 22:34:04 INFO  [36mpl.tmobile.recruitment.steps.StepDefinitions[m - ILS (nowy izraelski szekel) - 1.1355
2025-01-31 22:34:04 INFO  [36mpl.tmobile.recruitment.steps.StepDefinitions[m - CLP (peso chilijskie) - 0.004124
2025-01-31 22:34:04 INFO  [36mpl.tmobile.recruitment.steps.StepDefinitions[m - PHP (peso filipińskie) - 0.0694
2025-01-31 22:34:04 INFO  [36mpl.tmobile.recruitment.steps.StepDefinitions[m - MXN (peso meksykańskie) - 0.1962
2025-01-31 22:34:04 INFO  [36mpl.tmobile.recruitment.steps.StepDefinitions[m - ZAR (rand (Republika Południowej Afryki)) - 0.2179
2025-01-31 22:34:04 INFO  [36mpl.tmobile.recruitment.steps.StepDefinitions[m - BRL (real (Brazylia)) - 0.6906
2025-01-31 22:34:04 INFO  [36mpl.tmobile.recruitment.steps.StepDefinitions[m - MYR (ringgit (Malezja)) - 0.9102
2025-01-31 22:34:04 INFO  [36mpl.tmobile.recruitment.steps.StepDefinitions[m - IDR (rupia indonezyjska) - 2.4893E-4
2025-01-31 22:34:04 INFO  [36mpl.tmobile.recruitment.steps.StepDefinitions[m - INR (rupia indyjska) - 0.046844
2025-01-31 22:34:04 INFO  [36mpl.tmobile.recruitment.steps.StepDefinitions[m - KRW (won południowokoreański) - 0.002796
2025-01-31 22:34:04 INFO  [36mpl.tmobile.recruitment.steps.StepDefinitions[m - CNY (yuan renminbi (Chiny)) - 0.5539
2025-01-31 22:34:04 INFO  [36mpl.tmobile.recruitment.steps.Hooks[m - ✅ Test zakończony.
2025-01-31 22:53:04 INFO  [36mpl.tmobile.recruitment.steps.Hooks[m - 🔄 Rozpoczęto test.
2025-01-31 22:53:04 INFO  [36mpl.tmobile.recruitment.api.NBPClient[m - Kod odpowiedzi: 200
2025-01-31 22:53:04 INFO  [36mpl.tmobile.recruitment.steps.StepDefinitions[m - Kurs dla waluty o kodzie USD: 4.0576
2025-01-31 22:53:04 INFO  [36mpl.tmobile.recruitment.steps.StepDefinitions[m - Kurs dla waluty dolar amerykański (USD) wynosi: 4.0576
2025-01-31 22:53:04 INFO  [36mpl.tmobile.recruitment.steps.StepDefinitions[m - Waluty o kursie powyżej 5.0:
2025-01-31 22:53:04 INFO  [36mpl.tmobile.recruitment.steps.StepDefinitions[m - GBP (funt szterling) - 5.0404
2025-01-31 22:53:04 INFO  [36mpl.tmobile.recruitment.steps.StepDefinitions[m - XDR (SDR (MFW)) - 5.2864
2025-01-31 22:53:04 INFO  [36mpl.tmobile.recruitment.steps.StepDefinitions[m - Waluty o kursie poniżej 3.0:
2025-01-31 22:53:04 INFO  [36mpl.tmobile.recruitment.steps.StepDefinitions[m - THB (bat (Tajlandia)) - 0.1205
2025-01-31 22:53:04 INFO  [36mpl.tmobile.recruitment.steps.StepDefinitions[m - AUD (dolar australijski) - 2.5251
2025-01-31 22:53:04 INFO  [36mpl.tmobile.recruitment.steps.StepDefinitions[m - HKD (dolar Hongkongu) - 0.5207
2025-01-31 22:53:04 INFO  [36mpl.tmobile.recruitment.steps.StepDefinitions[m - CAD (dolar kanadyjski) - 2.8022
2025-01-31 22:53:04 INFO  [36mpl.tmobile.recruitment.steps.StepDefinitions[m - NZD (dolar nowozelandzki) - 2.2932
2025-01-31 22:53:04 INFO  [36mpl.tmobile.recruitment.steps.StepDefinitions[m - SGD (dolar singapurski) - 2.9924
2025-01-31 22:53:04 INFO  [36mpl.tmobile.recruitment.steps.StepDefinitions[m - HUF (forint (Węgry)) - 0.010329
2025-01-31 22:53:04 INFO  [36mpl.tmobile.recruitment.steps.StepDefinitions[m - UAH (hrywna (Ukraina)) - 0.0973
2025-01-31 22:53:04 INFO  [36mpl.tmobile.recruitment.steps.StepDefinitions[m - JPY (jen (Japonia)) - 0.026224
2025-01-31 22:53:04 INFO  [36mpl.tmobile.recruitment.steps.StepDefinitions[m - CZK (korona czeska) - 0.1676
2025-01-31 22:53:04 INFO  [36mpl.tmobile.recruitment.steps.StepDefinitions[m - DKK (korona duńska) - 0.5646
2025-01-31 22:53:04 INFO  [36mpl.tmobile.recruitment.steps.StepDefinitions[m - ISK (korona islandzka) - 0.028836
2025-01-31 22:53:04 INFO  [36mpl.tmobile.recruitment.steps.StepDefinitions[m - NOK (korona norweska) - 0.3582
2025-01-31 22:53:04 INFO  [36mpl.tmobile.recruitment.steps.StepDefinitions[m - SEK (korona szwedzka) - 0.3672
2025-01-31 22:53:04 INFO  [36mpl.tmobile.recruitment.steps.StepDefinitions[m - RON (lej rumuński) - 0.8466
2025-01-31 22:53:04 INFO  [36mpl.tmobile.recruitment.steps.StepDefinitions[m - BGN (lew (Bułgaria)) - 2.1541
2025-01-31 22:53:04 INFO  [36mpl.tmobile.recruitment.steps.StepDefinitions[m - TRY (lira turecka) - 0.1131
2025-01-31 22:53:04 INFO  [36mpl.tmobile.recruitment.steps.StepDefinitions[m - ILS (nowy izraelski szekel) - 1.1355
2025-01-31 22:53:04 INFO  [36mpl.tmobile.recruitment.steps.StepDefinitions[m - CLP (peso chilijskie) - 0.004124
2025-01-31 22:53:04 INFO  [36mpl.tmobile.recruitment.steps.StepDefinitions[m - PHP (peso filipińskie) - 0.0694
2025-01-31 22:53:04 INFO  [36mpl.tmobile.recruitment.steps.StepDefinitions[m - MXN (peso meksykańskie) - 0.1962
2025-01-31 22:53:04 INFO  [36mpl.tmobile.recruitment.steps.StepDefinitions[m - ZAR (rand (Republika Południowej Afryki)) - 0.2179
2025-01-31 22:53:04 INFO  [36mpl.tmobile.recruitment.steps.StepDefinitions[m - BRL (real (Brazylia)) - 0.6906
2025-01-31 22:53:04 INFO  [36mpl.tmobile.recruitment.steps.StepDefinitions[m - MYR (ringgit (Malezja)) - 0.9102
2025-01-31 22:53:04 INFO  [36mpl.tmobile.recruitment.steps.StepDefinitions[m - IDR (rupia indonezyjska) - 2.4893E-4
2025-01-31 22:53:04 INFO  [36mpl.tmobile.recruitment.steps.StepDefinitions[m - INR (rupia indyjska) - 0.046844
2025-01-31 22:53:04 INFO  [36mpl.tmobile.recruitment.steps.StepDefinitions[m - KRW (won południowokoreański) - 0.002796
2025-01-31 22:53:04 INFO  [36mpl.tmobile.recruitment.steps.StepDefinitions[m - CNY (yuan renminbi (Chiny)) - 0.5539
2025-01-31 22:53:04 INFO  [36mpl.tmobile.recruitment.steps.Hooks[m - ✅ Test zakończony.
